0 info it worked if it ends with ok
1 verbose cli [ 'node', '/usr/local/bin/npm', 'install', 'fs' ]
2 info using npm@1.1.45
3 info using node@v0.8.4
4 verbose node symlink /usr/bin/node
5 verbose config file /Users/Macbook/.npmrc
6 verbose config file /usr/etc/npmrc
7 verbose config file /usr/local/lib/node_modules/npm/npmrc
8 verbose read json /Users/Macbook/Documents/NodeJS/blog/package.json
9 verbose read json /Users/Macbook/Documents/NodeJS/blog/node_modules/connect/package.json
10 verbose read json /Users/Macbook/Documents/NodeJS/blog/node_modules/express/package.json
11 verbose read json /Users/Macbook/Documents/NodeJS/blog/node_modules/imagemagick/package.json
12 verbose read json /Users/Macbook/Documents/NodeJS/blog/node_modules/jade/package.json
13 verbose read json /Users/Macbook/Documents/NodeJS/blog/node_modules/mongodb/package.json
14 verbose read json /Users/Macbook/Documents/NodeJS/blog/node_modules/mongolian/package.json
15 verbose read json /Users/Macbook/Documents/NodeJS/blog/node_modules/stylus/package.json
16 warn package.json connect@2.4.2 No README.md file found!
17 verbose from cache /Users/Macbook/Documents/NodeJS/blog/package.json
18 verbose readDependencies using package.json deps
19 verbose cache add [ 'fs', null ]
20 silly cache add name=undefined spec="fs" args=["fs",null]
21 verbose parsed url { pathname: 'fs', path: 'fs', href: 'fs' }
22 silly lockFile 3f4bb586-fs fs
23 verbose lock fs /Users/Macbook/.npm/3f4bb586-fs.lock
24 silly lockFile 3f4bb586-fs fs
25 verbose addNamed [ 'fs', '' ]
26 verbose addNamed [ null, '' ]
27 silly lockFile a107b96b-fs fs@
28 verbose lock fs@ /Users/Macbook/.npm/a107b96b-fs.lock
29 silly addNameRange { name: 'fs', range: '', hasData: false }
30 verbose url raw fs
31 verbose url resolving [ 'https://registry.npmjs.org/', './fs' ]
32 verbose url resolved https://registry.npmjs.org/fs
33 info retry registry request attempt 1 at 23:37:30
34 http GET https://registry.npmjs.org/fs
35 http 404 https://registry.npmjs.org/fs
36 silly registry.get cb [ 404,
36 silly registry.get   { server: 'CouchDB/1.2.0 (Erlang OTP/R15B)',
36 silly registry.get     date: 'Sun, 29 Jul 2012 06:37:31 GMT',
36 silly registry.get     'content-type': 'application/json',
36 silly registry.get     'content-length': '52',
36 silly registry.get     'cache-control': 'must-revalidate' } ]
37 silly lockFile a107b96b-fs fs@
38 error 404 'fs' is not in the npm registry.
38 error 404 You should bug the author to publish it
38 error 404
38 error 404 Note that you can also install from a
38 error 404 tarball, folder, or http url, or git url.
39 error System Darwin 10.8.0
40 error command "node" "/usr/local/bin/npm" "install" "fs"
41 error cwd /Users/Macbook/Documents/NodeJS/blog
42 error node -v v0.8.4
43 error npm -v 1.1.45
44 error code E404
45 verbose exit [ 1, true ]
